[debug] [2020-11-13T12:28:32.275Z] ----------------------------------------------------------------------
[debug] [2020-11-13T12:28:32.277Z] Command:       C:\Program Files\nodejs\node.exe C:\Users\otavio.barros\AppData\Roaming\npm\node_modules\firebase-tools\lib\bin\firebase.js init
[debug] [2020-11-13T12:28:32.277Z] CLI Version:   8.16.1
[debug] [2020-11-13T12:28:32.277Z] Platform:      win32
[debug] [2020-11-13T12:28:32.277Z] Node Version:  v12.18.4
[debug] [2020-11-13T12:28:32.278Z] Time:          Fri Nov 13 2020 09:28:32 GMT-0300 (GMT-03:00)
[debug] [2020-11-13T12:28:32.279Z] ----------------------------------------------------------------------
[debug] [2020-11-13T12:28:32.279Z] 
[debug] [2020-11-13T12:28:32.285Z] > command requires scopes: ["email","openid","https://www.googleapis.com/auth/cloudplatformprojects.readonly","https://www.googleapis.com/auth/firebase","https://www.googleapis.com/auth/cloud-platform"]
[debug] [2020-11-13T12:28:32.286Z] > authorizing via signed-in user
[info] 
     ######## #### ########  ######## ########     ###     ######  ########
     ##        ##  ##     ## ##       ##     ##  ##   ##  ##       ##
     ######    ##  ########  ######   ########  #########  ######  ######
     ##        ##  ##    ##  ##       ##     ## ##     ##       ## ##
     ##       #### ##     ## ######## ########  ##     ##  ######  ########

You're about to initialize a Firebase project in this directory:

  C:\Users\otavio.barros\Desktop\Faculdadeiv2\beginnerAtivChanges\Projetosemana2

[info] 
=== Project Setup
[info] 
[info] First, let's associate this project directory with a Firebase project.
[info] You can create multiple project aliases by running firebase use --add, 
[info] but for now we'll just set up a default project.
[info] 
[debug] [2020-11-13T12:28:40.196Z] > refreshing access token with scopes: ["email","https://www.googleapis.com/auth/cloud-platform","https://www.googleapis.com/auth/cloudplatformprojects.readonly","https://www.googleapis.com/auth/firebase","openid"]
[debug] [2020-11-13T12:28:40.196Z] >>> HTTP REQUEST POST https://www.googleapis.com/oauth2/v3/token  
 <request body omitted>
[debug] [2020-11-13T12:28:40.384Z] <<< HTTP RESPONSE 200 {"pragma":"no-cache","expires":"Mon, 01 Jan 1990 00:00:00 GMT","cache-control":"no-cache, no-store, max-age=0, must-revalidate","date":"Fri, 13 Nov 2020 12:28:16 GMT","content-type":"application/json; charset=utf-8","vary":"X-Origin, Referer, Origin,Accept-Encoding","server":"scaffolding on HTTPServer2","x-xss-protection":"0","x-frame-options":"SAMEORIGIN","x-content-type-options":"nosniff","alt-svc":"h3-Q050=\":443\"; ma=2592000,h3-29=\":443\"; ma=2592000,h3-T051=\":443\"; ma=2592000,h3-Q046=\":443\"; ma=2592000,h3-Q043=\":443\"; ma=2592000,quic=\":443\"; ma=2592000; v=\"46,43\"","accept-ranges":"none","transfer-encoding":"chunked"}
[debug] [2020-11-13T12:28:40.486Z] >>> HTTP REQUEST GET https://firebase.googleapis.com/v1beta1/projects?pageSize=100  
 
[debug] [2020-11-13T12:28:41.540Z] <<< HTTP RESPONSE 200 {"content-type":"application/json; charset=UTF-8","vary":"X-Origin, Referer, Origin,Accept-Encoding","date":"Fri, 13 Nov 2020 12:28:17 GMT","server":"ESF","cache-control":"private","x-xss-protection":"0","x-frame-options":"SAMEORIGIN","x-content-type-options":"nosniff","alt-svc":"h3-Q050=\":443\"; ma=2592000,h3-29=\":443\"; ma=2592000,h3-T051=\":443\"; ma=2592000,h3-Q046=\":443\"; ma=2592000,h3-Q043=\":443\"; ma=2592000,quic=\":443\"; ma=2592000; v=\"46,43\"","accept-ranges":"none","transfer-encoding":"chunked"}
[debug] [2020-11-13T12:32:02.489Z] ----------------------------------------------------------------------
[debug] [2020-11-13T12:32:02.490Z] Command:       C:\Program Files\nodejs\node.exe C:\Users\otavio.barros\AppData\Roaming\npm\node_modules\firebase-tools\lib\bin\firebase.js init
[debug] [2020-11-13T12:32:02.490Z] CLI Version:   8.16.1
[debug] [2020-11-13T12:32:02.491Z] Platform:      win32
[debug] [2020-11-13T12:32:02.491Z] Node Version:  v12.18.4
[debug] [2020-11-13T12:32:02.492Z] Time:          Fri Nov 13 2020 09:32:02 GMT-0300 (GMT-03:00)
[debug] [2020-11-13T12:32:02.492Z] ----------------------------------------------------------------------
[debug] [2020-11-13T12:32:02.492Z] 
[debug] [2020-11-13T12:32:02.497Z] > command requires scopes: ["email","openid","https://www.googleapis.com/auth/cloudplatformprojects.readonly","https://www.googleapis.com/auth/firebase","https://www.googleapis.com/auth/cloud-platform"]
[debug] [2020-11-13T12:32:02.497Z] > authorizing via signed-in user
[info] 
     ######## #### ########  ######## ########     ###     ######  ########
     ##        ##  ##     ## ##       ##     ##  ##   ##  ##       ##
     ######    ##  ########  ######   ########  #########  ######  ######
     ##        ##  ##    ##  ##       ##     ## ##     ##       ## ##
     ##       #### ##     ## ######## ########  ##     ##  ######  ########

You're about to initialize a Firebase project in this directory:

  C:\Users\otavio.barros\Desktop\Faculdadeiv2\beginnerAtivChanges\Projetosemana2

[info] 
=== Project Setup
[info] 
[info] First, let's associate this project directory with a Firebase project.
[info] You can create multiple project aliases by running firebase use --add, 
[info] but for now we'll just set up a default project.
[info] 
[debug] [2020-11-13T12:32:09.868Z] >>> HTTP REQUEST GET https://firebase.googleapis.com/v1beta1/projects?pageSize=100  
 
[debug] [2020-11-13T12:32:10.382Z] <<< HTTP RESPONSE 200 {"content-type":"application/json; charset=UTF-8","vary":"X-Origin, Referer, Origin,Accept-Encoding","date":"Fri, 13 Nov 2020 12:31:46 GMT","server":"ESF","cache-control":"private","x-xss-protection":"0","x-frame-options":"SAMEORIGIN","x-content-type-options":"nosniff","alt-svc":"h3-Q050=\":443\"; ma=2592000,h3-29=\":443\"; ma=2592000,h3-T051=\":443\"; ma=2592000,h3-Q046=\":443\"; ma=2592000,h3-Q043=\":443\"; ma=2592000,quic=\":443\"; ma=2592000; v=\"46,43\"","accept-ranges":"none","transfer-encoding":"chunked"}
[debug] [2020-11-13T12:39:56.695Z] ----------------------------------------------------------------------
[debug] [2020-11-13T12:39:56.697Z] Command:       C:\Program Files\nodejs\node.exe C:\Users\otavio.barros\AppData\Roaming\npm\node_modules\firebase-tools\lib\bin\firebase.js init
[debug] [2020-11-13T12:39:56.697Z] CLI Version:   8.16.1
[debug] [2020-11-13T12:39:56.697Z] Platform:      win32
[debug] [2020-11-13T12:39:56.697Z] Node Version:  v12.18.4
[debug] [2020-11-13T12:39:56.698Z] Time:          Fri Nov 13 2020 09:39:56 GMT-0300 (GMT-03:00)
[debug] [2020-11-13T12:39:56.699Z] ----------------------------------------------------------------------
[debug] [2020-11-13T12:39:56.699Z] 
[debug] [2020-11-13T12:39:56.703Z] > command requires scopes: ["email","openid","https://www.googleapis.com/auth/cloudplatformprojects.readonly","https://www.googleapis.com/auth/firebase","https://www.googleapis.com/auth/cloud-platform"]
[debug] [2020-11-13T12:39:56.704Z] > authorizing via signed-in user
[info] 
     ######## #### ########  ######## ########     ###     ######  ########
     ##        ##  ##     ## ##       ##     ##  ##   ##  ##       ##
     ######    ##  ########  ######   ########  #########  ######  ######
     ##        ##  ##    ##  ##       ##     ## ##     ##       ## ##
     ##       #### ##     ## ######## ########  ##     ##  ######  ########

You're about to initialize a Firebase project in this directory:

  C:\Users\otavio.barros\Desktop\Faculdadeiv2\beginnerAtivChanges\Projetosemana2

[info] 
=== Project Setup
[info] 
[info] First, let's associate this project directory with a Firebase project.
[info] You can create multiple project aliases by running firebase use --add, 
[info] but for now we'll just set up a default project.
[info] 
[debug] [2020-11-13T12:40:01.619Z] >>> HTTP REQUEST GET https://firebase.googleapis.com/v1beta1/projects?pageSize=100  
 
[debug] [2020-11-13T12:40:02.172Z] <<< HTTP RESPONSE 200 {"content-type":"application/json; charset=UTF-8","vary":"X-Origin, Referer, Origin,Accept-Encoding","date":"Fri, 13 Nov 2020 12:39:38 GMT","server":"ESF","cache-control":"private","x-xss-protection":"0","x-frame-options":"SAMEORIGIN","x-content-type-options":"nosniff","alt-svc":"h3-Q050=\":443\"; ma=2592000,h3-29=\":443\"; ma=2592000,h3-T051=\":443\"; ma=2592000,h3-Q046=\":443\"; ma=2592000,h3-Q043=\":443\"; ma=2592000,quic=\":443\"; ma=2592000; v=\"46,43\"","accept-ranges":"none","transfer-encoding":"chunked"}
[debug] [2020-11-13T13:10:50.748Z] ----------------------------------------------------------------------
[debug] [2020-11-13T13:10:50.750Z] Command:       C:\Program Files\nodejs\node.exe C:\Users\otavio.barros\AppData\Roaming\npm\node_modules\firebase-tools\lib\bin\firebase.js init
[debug] [2020-11-13T13:10:50.750Z] CLI Version:   8.16.1
[debug] [2020-11-13T13:10:50.750Z] Platform:      win32
[debug] [2020-11-13T13:10:50.750Z] Node Version:  v12.18.4
[debug] [2020-11-13T13:10:50.751Z] Time:          Fri Nov 13 2020 10:10:50 GMT-0300 (GMT-03:00)
[debug] [2020-11-13T13:10:50.751Z] ----------------------------------------------------------------------
[debug] [2020-11-13T13:10:50.752Z] 
[debug] [2020-11-13T13:10:50.757Z] > command requires scopes: ["email","openid","https://www.googleapis.com/auth/cloudplatformprojects.readonly","https://www.googleapis.com/auth/firebase","https://www.googleapis.com/auth/cloud-platform"]
[debug] [2020-11-13T13:10:50.758Z] > authorizing via signed-in user
[info] 
     ######## #### ########  ######## ########     ###     ######  ########
     ##        ##  ##     ## ##       ##     ##  ##   ##  ##       ##
     ######    ##  ########  ######   ########  #########  ######  ######
     ##        ##  ##    ##  ##       ##     ## ##     ##       ## ##
     ##       #### ##     ## ######## ########  ##     ##  ######  ########

You're about to initialize a Firebase project in this directory:

  C:\Users\otavio.barros\Desktop\Faculdadeiv2\beginnerAtivChanges\Projetosemana2

[info] 
=== Project Setup
[info] 
[info] First, let's associate this project directory with a Firebase project.
[info] You can create multiple project aliases by running firebase use --add, 
[info] but for now we'll just set up a default project.
[info] 
[debug] [2020-11-13T13:11:52.817Z] >>> HTTP REQUEST GET https://firebase.googleapis.com/v1beta1/projects?pageSize=100  
 
[debug] [2020-11-13T13:11:53.335Z] <<< HTTP RESPONSE 200 {"content-type":"application/json; charset=UTF-8","vary":"X-Origin, Referer, Origin,Accept-Encoding","date":"Fri, 13 Nov 2020 13:11:29 GMT","server":"ESF","cache-control":"private","x-xss-protection":"0","x-frame-options":"SAMEORIGIN","x-content-type-options":"nosniff","alt-svc":"h3-Q050=\":443\"; ma=2592000,h3-29=\":443\"; ma=2592000,h3-T051=\":443\"; ma=2592000,h3-Q046=\":443\"; ma=2592000,h3-Q043=\":443\"; ma=2592000,quic=\":443\"; ma=2592000; v=\"46,43\"","accept-ranges":"none","transfer-encoding":"chunked"}
